Using pre-set license
Built from '2020.2/release' branch; Version is '2020.2.4f1 (becced5a802b) revision 12504301'; Using compiler version '192528614'; Build Type 'Release'
OS: 'Windows 10 Home; OS build 22631.4890; Version 2009; 64bit' Language: 'es' Physical Memory: 16183 MB
BatchMode: 1, IsHumanControllingUs: 0, StartBugReporterOnCrash: 0, Is64bit: 1, IsPro: 0

 COMMAND LINE ARGUMENTS:
C:\Program Files\Unity\Hub\Editor\2020.2.4f1\Editor\Unity.exe
-adb2
-batchMode
-noUpm
-name
AssetImportWorker0
-projectPath
C:/Users/marti/roll_a_ball
-logFile
Logs/AssetImportWorker0.log
-srvPort
55613
Successfully changed project path to: C:/Users/marti/roll_a_ball
C:/Users/marti/roll_a_ball
Using Asset Import Pipeline V2.
Refreshing native plugins compatible for Editor in 33.75 ms, found 0 plugins.
Preloading 0 native plugins for Editor in 0.00 ms.
Initialize engine version: 2020.2.4f1 (becced5a802b)
[Subsystems] Discovering subsystems at path C:/Program Files/Unity/Hub/Editor/2020.2.4f1/Editor/Data/Resources/UnitySubsystems
[Subsystems] Discovering subsystems at path C:/Users/marti/roll_a_ball/Assets
GfxDevice: creating device client; threaded=0
Direct3D:
    Version:  Direct3D 11.0 [level 11.1]
    Renderer: Intel(R) Iris(R) Xe Graphics (ID=0x9a49)
    Vendor:   
    VRAM:     8091 MB
    Driver:   31.0.101.5522
Initialize mono
Mono path[0] = 'C:/Program Files/Unity/Hub/Editor/2020.2.4f1/Editor/Data/Managed'
Mono path[1] = 'C:/Program Files/Unity/Hub/Editor/2020.2.4f1/Editor/Data/MonoBleedingEdge/lib/mono/unityjit'
Mono config path = 'C:/Program Files/Unity/Hub/Editor/2020.2.4f1/Editor/Data/MonoBleedingEdge/etc'
Using monoOptions --debugger-agent=transport=dt_socket,embedding=1,server=y,suspend=n,address=127.0.0.1:56380
Begin MonoManager ReloadAssembly
Registering precompiled unity dll's ...
Register platform support module: C:/Program Files/Unity/Hub/Editor/2020.2.4f1/Editor/Data/PlaybackEngines/WindowsStandaloneSupport/UnityEditor.WindowsStandalone.Extensions.dll
Registered in 0.002722 seconds.
Native extension for WindowsStandalone target not found
Refreshing native plugins compatible for Editor in 30.47 ms, found 0 plugins.
Preloading 0 native plugins for Editor in 0.00 ms.
Invoked RoslynAnalysisRunner static constructor.
RoslynAnalysisRunner will not be running.
RoslynAnalysisRunner has terminated.
Mono: successfully reloaded assembly
- Completed reload, in  1.264 seconds
Platform modules already initialized, skipping
Registering precompiled user dll's ...
Registered in 0.000808 seconds.
Begin MonoManager ReloadAssembly
Native extension for WindowsStandalone target not found
Refreshing native plugins compatible for Editor in 40.72 ms, found 0 plugins.
Preloading 0 native plugins for Editor in 0.00 ms.
Invoked RoslynAnalysisRunner static constructor.
RoslynAnalysisRunner will not be running.
RoslynAnalysisRunner has terminated.
Mono: successfully reloaded assembly
- Completed reload, in  1.354 seconds
Platform modules already initialized, skipping
========================================================================
Worker process is ready to serve import requests
Launched and connected shader compiler UnityShaderCompiler.exe after 0.14 seconds
Refreshing native plugins compatible for Editor in 0.24 ms, found 0 plugins.
Preloading 0 native plugins for Editor in 0.00 ms.
Unloading 1403 Unused Serialized files (Serialized files now loaded: 0)
System memory in use before: 67.0 MB.
System memory in use after: 67.1 MB.

Unloading 11 unused Assets to reduce memory usage. Loaded Objects now: 1847.
Total: 3.286300 ms (FindLiveObjects: 0.326000 ms CreateObjectMapping: 0.074500 ms MarkObjects: 2.712700 ms  DeleteObjects: 0.169900 ms)

========================================================================
Received Import Request.
  path: ProjectSettings/TagManager.asset
  artifactKey: Guid(00000000000000003000000000000000) Importer(815301076,1909f56bfc062723c751e8b465ee728b)
Start importing ProjectSettings/TagManager.asset using Guid(00000000000000003000000000000000) Importer(815301076,1909f56bfc062723c751e8b465ee728b)  -> (artifact id: 'd7fc6db537de490c66388a0e179d6586') in 0.165239 seconds
  Import took 0.175178 seconds .

========================================================================
Received Import Request.
  Time since last request: 23.268435 seconds.
  path: Assets/PreFab/PickUp.prefab
  artifactKey: Guid(c344b9197c47b6d429ad4bd7495e4a53) Importer(815301076,1909f56bfc062723c751e8b465ee728b)
Start importing Assets/PreFab/PickUp.prefab using Guid(c344b9197c47b6d429ad4bd7495e4a53) Importer(815301076,1909f56bfc062723c751e8b465ee728b)  -> (artifact id: '693986ffcbde390534243393951c5d49') in 0.092647 seconds
  Import took 0.097135 seconds .

========================================================================
Received Prepare
Registering precompiled user dll's ...
Registered in 0.002137 seconds.
Begin MonoManager ReloadAssembly
Native extension for WindowsStandalone target not found
Refreshing native plugins compatible for Editor in 0.40 ms, found 0 plugins.
Preloading 0 native plugins for Editor in 0.00 ms.
Invoked RoslynAnalysisRunner static constructor.
RoslynAnalysisRunner will not be running.
RoslynAnalysisRunner has terminated.
Mono: successfully reloaded assembly
- Completed reload, in  0.972 seconds
Platform modules already initialized, skipping
Refreshing native plugins compatible for Editor in 0.32 ms, found 0 plugins.
Preloading 0 native plugins for Editor in 0.00 ms.
Unloading 1397 Unused Serialized files (Serialized files now loaded: 0)
System memory in use before: 70.1 MB.
System memory in use after: 70.2 MB.

Unloading 5 unused Assets to reduce memory usage. Loaded Objects now: 1857.
Total: 2.464100 ms (FindLiveObjects: 0.171900 ms CreateObjectMapping: 0.045800 ms MarkObjects: 2.214300 ms  DeleteObjects: 0.029700 ms)

========================================================================
Received Import Request.
  Time since last request: 65.455931 seconds.
  path: Assets/PreFab/PickUp.prefab
  artifactKey: Guid(c344b9197c47b6d429ad4bd7495e4a53) Importer(815301076,1909f56bfc062723c751e8b465ee728b)
Start importing Assets/PreFab/PickUp.prefab using Guid(c344b9197c47b6d429ad4bd7495e4a53) Importer(815301076,1909f56bfc062723c751e8b465ee728b)  -> (artifact id: '0d45281e5ec9e566c138c3c37fde9fd3') in 0.070509 seconds
  Import took 0.074537 seconds .

========================================================================
Received Prepare
Registering precompiled user dll's ...
Registered in 0.001498 seconds.
Begin MonoManager ReloadAssembly
Native extension for WindowsStandalone target not found
Refreshing native plugins compatible for Editor in 0.26 ms, found 0 plugins.
Preloading 0 native plugins for Editor in 0.00 ms.
Invoked RoslynAnalysisRunner static constructor.
RoslynAnalysisRunner will not be running.
RoslynAnalysisRunner has terminated.
Mono: successfully reloaded assembly
- Completed reload, in  0.874 seconds
Platform modules already initialized, skipping
Refreshing native plugins compatible for Editor in 0.39 ms, found 0 plugins.
Preloading 0 native plugins for Editor in 0.00 ms.
Unloading 1397 Unused Serialized files (Serialized files now loaded: 0)
System memory in use before: 70.2 MB.
System memory in use after: 70.3 MB.

Unloading 4 unused Assets to reduce memory usage. Loaded Objects now: 1860.
Total: 3.771300 ms (FindLiveObjects: 0.205300 ms CreateObjectMapping: 0.057500 ms MarkObjects: 3.465000 ms  DeleteObjects: 0.040600 ms)

========================================================================
Received Import Request.
  Time since last request: 44.486912 seconds.
  path: Assets/PreFab/PickUp.prefab
  artifactKey: Guid(c344b9197c47b6d429ad4bd7495e4a53) Importer(815301076,1909f56bfc062723c751e8b465ee728b)
Start importing Assets/PreFab/PickUp.prefab using Guid(c344b9197c47b6d429ad4bd7495e4a53) Importer(815301076,1909f56bfc062723c751e8b465ee728b)  -> (artifact id: 'dda7133ea40cb9e1d8a6c32a3516029e') in 0.117736 seconds
  Import took 0.124529 seconds .

========================================================================
Received Import Request.
  Time since last request: 1.984000 seconds.
  path: Assets/PreFab/PickUp.prefab
  artifactKey: Guid(c344b9197c47b6d429ad4bd7495e4a53) Importer(815301076,1909f56bfc062723c751e8b465ee728b)
Start importing Assets/PreFab/PickUp.prefab using Guid(c344b9197c47b6d429ad4bd7495e4a53) Importer(815301076,1909f56bfc062723c751e8b465ee728b)  -> (artifact id: 'bc90ee18b7e5482bf05bb069f9e1008d') in 0.026622 seconds
  Import took 0.031954 seconds .

========================================================================
Received Import Request.
  Time since last request: 88.002601 seconds.
  path: Assets/Scripts/PlayerController.cs
  artifactKey: Guid(94a7ef6e8e4df9849b2b0f95f2303df6) Importer(815301076,1909f56bfc062723c751e8b465ee728b)
Start importing Assets/Scripts/PlayerController.cs using Guid(94a7ef6e8e4df9849b2b0f95f2303df6) Importer(815301076,1909f56bfc062723c751e8b465ee728b)  -> (artifact id: '08626915c58fe2626d246546b8abcb1e') in 0.017510 seconds
  Import took 0.020324 seconds .

========================================================================
Received Import Request.
  Time since last request: 0.000958 seconds.
  path: Assets/Scripts/PlayerController.cs
  artifactKey: Guid(94a7ef6e8e4df9849b2b0f95f2303df6) Importer(815301076,1909f56bfc062723c751e8b465ee728b)
Start importing Assets/Scripts/PlayerController.cs using Guid(94a7ef6e8e4df9849b2b0f95f2303df6) Importer(815301076,1909f56bfc062723c751e8b465ee728b)  -> (artifact id: '08626915c58fe2626d246546b8abcb1e') in 0.002920 seconds
  Import took 0.006266 seconds .

========================================================================
Received Prepare
Registering precompiled user dll's ...
Registered in 0.002162 seconds.
Begin MonoManager ReloadAssembly
Native extension for WindowsStandalone target not found
Refreshing native plugins compatible for Editor in 0.82 ms, found 0 plugins.
Preloading 0 native plugins for Editor in 0.00 ms.
Invoked RoslynAnalysisRunner static constructor.
RoslynAnalysisRunner will not be running.
RoslynAnalysisRunner has terminated.
Mono: successfully reloaded assembly
- Completed reload, in  2.019 seconds
Platform modules already initialized, skipping
Refreshing native plugins compatible for Editor in 0.24 ms, found 0 plugins.
Preloading 0 native plugins for Editor in 0.00 ms.
Unloading 1397 Unused Serialized files (Serialized files now loaded: 0)
System memory in use before: 70.2 MB.
System memory in use after: 70.3 MB.

Unloading 4 unused Assets to reduce memory usage. Loaded Objects now: 1863.
Total: 2.923500 ms (FindLiveObjects: 0.424000 ms CreateObjectMapping: 0.179000 ms MarkObjects: 2.292100 ms  DeleteObjects: 0.025600 ms)

========================================================================
Received Import Request.
  Time since last request: 41.388218 seconds.
  path: Assets/Scripts/PlayerController.cs
  artifactKey: Guid(94a7ef6e8e4df9849b2b0f95f2303df6) Importer(815301076,1909f56bfc062723c751e8b465ee728b)
Start importing Assets/Scripts/PlayerController.cs using Guid(94a7ef6e8e4df9849b2b0f95f2303df6) Importer(815301076,1909f56bfc062723c751e8b465ee728b)  -> (artifact id: '711f50fdb7cd0f23d67381661fb7a51e') in 0.009647 seconds
  Import took 0.015423 seconds .

========================================================================
Received Prepare
Registering precompiled user dll's ...
Registered in 0.002356 seconds.
Begin MonoManager ReloadAssembly
Native extension for WindowsStandalone target not found
Refreshing native plugins compatible for Editor in 0.32 ms, found 0 plugins.
Preloading 0 native plugins for Editor in 0.00 ms.
Invoked RoslynAnalysisRunner static constructor.
RoslynAnalysisRunner will not be running.
RoslynAnalysisRunner has terminated.
Mono: successfully reloaded assembly
- Completed reload, in  1.521 seconds
Platform modules already initialized, skipping
Refreshing native plugins compatible for Editor in 0.29 ms, found 0 plugins.
Preloading 0 native plugins for Editor in 0.00 ms.
Unloading 1410 Unused Serialized files (Serialized files now loaded: 0)
System memory in use before: 72.0 MB.
System memory in use after: 71.5 MB.

Unloading 17 unused Assets to reduce memory usage. Loaded Objects now: 1865.
Total: 4.053200 ms (FindLiveObjects: 0.265100 ms CreateObjectMapping: 0.073000 ms MarkObjects: 3.006500 ms  DeleteObjects: 0.704300 ms)

========================================================================
Received Import Request.
  Time since last request: 335.226115 seconds.
  path: Assets/Scripts/PlayerController.cs
  artifactKey: Guid(94a7ef6e8e4df9849b2b0f95f2303df6) Importer(815301076,1909f56bfc062723c751e8b465ee728b)
Start importing Assets/Scripts/PlayerController.cs using Guid(94a7ef6e8e4df9849b2b0f95f2303df6) Importer(815301076,1909f56bfc062723c751e8b465ee728b)  -> (artifact id: '0eb81eed81a3b673aec69e6d0c3a1ba9') in 0.009933 seconds
  Import took 0.021063 seconds .

========================================================================
Received Import Request.
  Time since last request: 151.721555 seconds.
  path: Assets/TextMesh Pro/Resources/Fonts & Materials/LiberationSans SDF - Drop Shadow.mat
  artifactKey: Guid(e73a58f6e2794ae7b1b7e50b7fb811b0) Importer(815301076,1909f56bfc062723c751e8b465ee728b)
Start importing Assets/TextMesh Pro/Resources/Fonts & Materials/LiberationSans SDF - Drop Shadow.mat using Guid(e73a58f6e2794ae7b1b7e50b7fb811b0) Importer(815301076,1909f56bfc062723c751e8b465ee728b)  -> (artifact id: '923580263a342e6401f6307fe262bd3a') in 0.188088 seconds
  Import took 0.193162 seconds .

========================================================================
Received Import Request.
  Time since last request: 0.000506 seconds.
  path: Assets/TextMesh Pro/Resources/Fonts & Materials/LiberationSans SDF - Outline.mat
  artifactKey: Guid(79459efec17a4d00a321bdcc27bbc385) Importer(815301076,1909f56bfc062723c751e8b465ee728b)
Start importing Assets/TextMesh Pro/Resources/Fonts & Materials/LiberationSans SDF - Outline.mat using Guid(79459efec17a4d00a321bdcc27bbc385) Importer(815301076,1909f56bfc062723c751e8b465ee728b)  -> (artifact id: 'b79c5471f37031f9c6cf664112b39177') in 0.105789 seconds
  Import took 0.112428 seconds .

========================================================================
Received Import Request.
  Time since last request: 0.000403 seconds.
  path: Assets/TextMesh Pro/Resources/Fonts & Materials/LiberationSans SDF - Fallback.asset
  artifactKey: Guid(2e498d1c8094910479dc3e1b768306a4) Importer(815301076,1909f56bfc062723c751e8b465ee728b)
Start importing Assets/TextMesh Pro/Resources/Fonts & Materials/LiberationSans SDF - Fallback.asset using Guid(2e498d1c8094910479dc3e1b768306a4) Importer(815301076,1909f56bfc062723c751e8b465ee728b)  -> (artifact id: 'e508781f2e466c38bc1f4a18cf1e8324') in 0.076751 seconds
  Import took 0.080299 seconds .

========================================================================
Received Import Request.
  Time since last request: 0.000355 seconds.
  path: Assets/TextMesh Pro/Resources/Fonts & Materials/LiberationSans SDF - Drop Shadow.mat
  artifactKey: Guid(e73a58f6e2794ae7b1b7e50b7fb811b0) Importer(815301076,1909f56bfc062723c751e8b465ee728b)
Start importing Assets/TextMesh Pro/Resources/Fonts & Materials/LiberationSans SDF - Drop Shadow.mat using Guid(e73a58f6e2794ae7b1b7e50b7fb811b0) Importer(815301076,1909f56bfc062723c751e8b465ee728b)  -> (artifact id: '923580263a342e6401f6307fe262bd3a') in 0.072659 seconds
  Import took 0.076170 seconds .

========================================================================
Received Import Request.
  Time since last request: 0.000566 seconds.
  path: Assets/TextMesh Pro/Resources/Fonts & Materials/LiberationSans SDF - Fallback.asset
  artifactKey: Guid(2e498d1c8094910479dc3e1b768306a4) Importer(815301076,1909f56bfc062723c751e8b465ee728b)
Start importing Assets/TextMesh Pro/Resources/Fonts & Materials/LiberationSans SDF - Fallback.asset using Guid(2e498d1c8094910479dc3e1b768306a4) Importer(815301076,1909f56bfc062723c751e8b465ee728b)  -> (artifact id: 'e508781f2e466c38bc1f4a18cf1e8324') in 0.042052 seconds
  Import took 0.047003 seconds .

========================================================================
Received Import Request.
  Time since last request: 0.000583 seconds.
  path: Assets/TextMesh Pro/Resources/Fonts & Materials/LiberationSans SDF.asset
  artifactKey: Guid(8f586378b4e144a9851e7b34d9b748ee) Importer(815301076,1909f56bfc062723c751e8b465ee728b)
Start importing Assets/TextMesh Pro/Resources/Fonts & Materials/LiberationSans SDF.asset using Guid(8f586378b4e144a9851e7b34d9b748ee) Importer(815301076,1909f56bfc062723c751e8b465ee728b)  -> (artifact id: 'aae0b1d0111703fb6434370378addb45') in 0.090484 seconds
  Import took 0.096005 seconds .

========================================================================
Received Prepare
Registering precompiled user dll's ...
Registered in 0.002726 seconds.
Begin MonoManager ReloadAssembly
Native extension for WindowsStandalone target not found
Refreshing native plugins compatible for Editor in 0.60 ms, found 0 plugins.
Preloading 0 native plugins for Editor in 0.00 ms.
Invoked RoslynAnalysisRunner static constructor.
RoslynAnalysisRunner will not be running.
RoslynAnalysisRunner has terminated.
Mono: successfully reloaded assembly
- Completed reload, in  2.324 seconds
Platform modules already initialized, skipping
Refreshing native plugins compatible for Editor in 0.90 ms, found 0 plugins.
Preloading 0 native plugins for Editor in 0.00 ms.
Unloading 1410 Unused Serialized files (Serialized files now loaded: 0)
System memory in use before: 72.6 MB.
System memory in use after: 72.2 MB.

Unloading 16 unused Assets to reduce memory usage. Loaded Objects now: 1905.
Total: 6.443000 ms (FindLiveObjects: 0.331900 ms CreateObjectMapping: 0.115700 ms MarkObjects: 4.873600 ms  DeleteObjects: 1.118200 ms)

========================================================================
Received Prepare
Registering precompiled user dll's ...
Registered in 0.002483 seconds.
Begin MonoManager ReloadAssembly
Native extension for WindowsStandalone target not found
Refreshing native plugins compatible for Editor in 0.45 ms, found 0 plugins.
Preloading 0 native plugins for Editor in 0.00 ms.
Invoked RoslynAnalysisRunner static constructor.
RoslynAnalysisRunner will not be running.
RoslynAnalysisRunner has terminated.
Mono: successfully reloaded assembly
- Completed reload, in  1.799 seconds
Platform modules already initialized, skipping
Refreshing native plugins compatible for Editor in 0.43 ms, found 0 plugins.
Preloading 0 native plugins for Editor in 0.00 ms.
Unloading 1409 Unused Serialized files (Serialized files now loaded: 0)
System memory in use before: 72.6 MB.
System memory in use after: 72.1 MB.

Unloading 16 unused Assets to reduce memory usage. Loaded Objects now: 1907.
Total: 5.633000 ms (FindLiveObjects: 0.348100 ms CreateObjectMapping: 0.248700 ms MarkObjects: 4.343900 ms  DeleteObjects: 0.688800 ms)

========================================================================
Received Prepare
Registering precompiled user dll's ...
Registered in 0.002241 seconds.
Begin MonoManager ReloadAssembly
Native extension for WindowsStandalone target not found
Refreshing native plugins compatible for Editor in 0.56 ms, found 0 plugins.
Preloading 0 native plugins for Editor in 0.00 ms.
Invoked RoslynAnalysisRunner static constructor.
RoslynAnalysisRunner will not be running.
RoslynAnalysisRunner has terminated.
Mono: successfully reloaded assembly
- Completed reload, in  2.739 seconds
Platform modules already initialized, skipping
Refreshing native plugins compatible for Editor in 0.83 ms, found 0 plugins.
Preloading 0 native plugins for Editor in 0.00 ms.
Unloading 1409 Unused Serialized files (Serialized files now loaded: 0)
System memory in use before: 72.6 MB.
System memory in use after: 72.1 MB.

Unloading 16 unused Assets to reduce memory usage. Loaded Objects now: 1909.
Total: 4.185200 ms (FindLiveObjects: 0.360500 ms CreateObjectMapping: 0.091400 ms MarkObjects: 3.097100 ms  DeleteObjects: 0.632500 ms)

========================================================================
Received Import Request.
  Time since last request: 800.512296 seconds.
  path: Assets/Materials/PickUp.mat
  artifactKey: Guid(bb22b055cac30c5488d255c06a745127) Importer(815301076,1909f56bfc062723c751e8b465ee728b)
Start importing Assets/Materials/PickUp.mat using Guid(bb22b055cac30c5488d255c06a745127) Importer(815301076,1909f56bfc062723c751e8b465ee728b)  -> (artifact id: '112dcaeae739a8ce89d4f793054c2cc8') in 0.074187 seconds
  Import took 0.079393 seconds .

========================================================================
Received Import Request.
  Time since last request: 8.890648 seconds.
  path: Assets/Materials/Enemy.mat
  artifactKey: Guid(c8e298caba107f04f9f5ffb3c9438a83) Importer(815301076,1909f56bfc062723c751e8b465ee728b)
Start importing Assets/Materials/Enemy.mat using Guid(c8e298caba107f04f9f5ffb3c9438a83) Importer(815301076,1909f56bfc062723c751e8b465ee728b)  -> (artifact id: '0c0a24f1b955f56165dd58ba55834956') in 0.019138 seconds
  Import took 0.022676 seconds .

========================================================================
Received Import Request.
  Time since last request: 1114.692385 seconds.
  path: Assets/Materials/Enemy.mat
  artifactKey: Guid(c8e298caba107f04f9f5ffb3c9438a83) Importer(815301076,1909f56bfc062723c751e8b465ee728b)
Start importing Assets/Materials/Enemy.mat using Guid(c8e298caba107f04f9f5ffb3c9438a83) Importer(815301076,1909f56bfc062723c751e8b465ee728b)  -> (artifact id: '8144586cf0a1daf2916ab534aa9437b7') in 0.041297 seconds
  Import took 0.051330 seconds .

AssetImportWorkerClient::OnTransportError - code=2 error=End of file
